[2025-06-03 07:24:28] Request received - POST data: Array
(
    [csrf_token] => e33077583ea9b504a8c2f11e761ea71a598de73ea8ae343187cd98359a02e47e
    [username] => admin
    [email] => scholarhub517@gmail.com
)

[2025-06-03 07:24:28] Email config loaded: Array
(
    [smtp_host] => smtp.gmail.com
    [smtp_port] => 587
    [smtp_secure] => tls
    [smtp_auth] => 1
    [smtp_username] => scholarhub517@gmail.com
    [smtp_password] => bdcu dxok zsqp gtvf
    [from_email] => scholarhub517@gmail.com
    [from_name] => ScholarHub Admin
)

[2025-06-03 07:24:28] PHPMailer debug: Connection: opening to smtp.gmail.com:587, timeout=300, options=array()
[2025-06-03 07:24:28] PHPMailer debug: Connection: opened
[2025-06-03 07:24:28] PHPMailer debug: SERVER -> CLIENT: 220 smtp.gmail.com ESMTP 98e67ed59e1d1-3124e30cbe6sm6247196a91.39 - gsmtp

[2025-06-03 07:24:28] PHPMailer debug: CLIENT -> SERVER: EHLO localhost

[2025-06-03 07:24:29] PHPMailer debug: SERVER -> CLIENT: 250-smtp.gmail.com at your service, [103.100.223.186]
250-SIZE 35882577
250-8BITMIME
250-STARTTLS
250-ENHANCEDSTATUSCODES
250-PIPELINING
250-CHUNKING
250 SMTPUTF8

[2025-06-03 07:24:29] PHPMailer debug: CLIENT -> SERVER: STARTTLS

[2025-06-03 07:24:29] PHPMailer debug: SERVER -> CLIENT: 220 2.0.0 Ready to start TLS

[2025-06-03 07:24:29] PHPMailer debug: CLIENT -> SERVER: EHLO localhost

[2025-06-03 07:24:30] PHPMailer debug: SERVER -> CLIENT: 250-smtp.gmail.com at your service, [103.100.223.186]
250-SIZE 35882577
250-8BITMIME
250-AUTH LOGIN PLAIN XOAUTH2 PLAIN-CLIENTTOKEN OAUTHBEARER XOAUTH
250-ENHANCEDSTATUSCODES
250-PIPELINING
250-CHUNKING
250 SMTPUTF8

[2025-06-03 07:24:30] PHPMailer debug: CLIENT -> SERVER: AUTH LOGIN

[2025-06-03 07:24:30] PHPMailer debug: SERVER -> CLIENT: 334 VXNlcm5hbWU6

[2025-06-03 07:24:30] PHPMailer debug: CLIENT -> SERVER: [credentials hidden]
[2025-06-03 07:24:30] PHPMailer debug: SERVER -> CLIENT: 334 UGFzc3dvcmQ6

[2025-06-03 07:24:30] PHPMailer debug: CLIENT -> SERVER: [credentials hidden]
[2025-06-03 07:24:31] PHPMailer debug: SERVER -> CLIENT: 235 2.7.0 Accepted

[2025-06-03 07:24:31] PHPMailer debug: CLIENT -> SERVER: MAIL FROM:<scholarhub517@gmail.com>

[2025-06-03 07:24:31] PHPMailer debug: SERVER -> CLIENT: 250 2.1.0 OK 98e67ed59e1d1-3124e30cbe6sm6247196a91.39 - gsmtp

[2025-06-03 07:24:31] PHPMailer debug: CLIENT -> SERVER: RCPT TO:<scholarhub517@gmail.com>

[2025-06-03 07:24:31] PHPMailer debug: SERVER -> CLIENT: 250 2.1.5 OK 98e67ed59e1d1-3124e30cbe6sm6247196a91.39 - gsmtp

[2025-06-03 07:24:31] PHPMailer debug: CLIENT -> SERVER: DATA

[2025-06-03 07:24:32] PHPMailer debug: SERVER -> CLIENT: 354 Go ahead 98e67ed59e1d1-3124e30cbe6sm6247196a91.39 - gsmtp

[2025-06-03 07:24:32] PHPMailer debug: CLIENT -> SERVER: Date: Tue, 3 Jun 2025 07:24:28 +0530

[2025-06-03 07:24:32] PHPMailer debug: CLIENT -> SERVER: To: scholarhub517@gmail.com

[2025-06-03 07:24:32] PHPMailer debug: CLIENT -> SERVER: From: ScholarHub Admin <scholarhub517@gmail.com>

[2025-06-03 07:24:32] PHPMailer debug: CLIENT -> SERVER: Subject: Admin Password Reset Request - ScholarHub

[2025-06-03 07:24:32] PHPMailer debug: CLIENT -> SERVER: Message-ID: <lxRwRLaVsc7EOHekyvdvmcRjjJGk3kCT98ycrDvfac@localhost>

[2025-06-03 07:24:32] PHPMailer debug: CLIENT -> SERVER: X-Mailer: PHPMailer 6.10.0 (https://github.com/PHPMailer/PHPMailer)

[2025-06-03 07:24:32] PHPMailer debug: CLIENT -> SERVER: MIME-Version: 1.0

[2025-06-03 07:24:32] PHPMailer debug: CLIENT -> SERVER: Content-Type: multipart/alternative;

[2025-06-03 07:24:32] PHPMailer debug: CLIENT -> SERVER:  boundary="b1=_lxRwRLaVsc7EOHekyvdvmcRjjJGk3kCT98ycrDvfac"

[2025-06-03 07:24:32] PHPMailer debug: CLIENT -> SERVER: Content-Transfer-Encoding: 8bit

[2025-06-03 07:24:32] PHPMailer debug: CLIENT -> SERVER: 

[2025-06-03 07:24:32] PHPMailer debug: CLIENT -> SERVER: --b1=_lxRwRLaVsc7EOHekyvdvmcRjjJGk3kCT98ycrDvfac

[2025-06-03 07:24:32] PHPMailer debug: CLIENT -> SERVER: Content-Type: text/plain; charset=us-ascii

[2025-06-03 07:24:32] PHPMailer debug: CLIENT -> SERVER: 

[2025-06-03 07:24:32] PHPMailer debug: CLIENT -> SERVER: Hello,

[2025-06-03 07:24:32] PHPMailer debug: CLIENT -> SERVER: 

[2025-06-03 07:24:32] PHPMailer debug: CLIENT -> SERVER: A password reset was requested for your admin account at ScholarHub.

[2025-06-03 07:24:32] PHPMailer debug: CLIENT -> SERVER: 

[2025-06-03 07:24:32] PHPMailer debug: CLIENT -> SERVER: Please click the following link to reset your password:

[2025-06-03 07:24:32] PHPMailer debug: CLIENT -> SERVER: http://localhost/ScholarHub/admin/reset-password.php?token=1136dc324a1a17fd0f6ed10d5b8e771f8f2128910416e4f2d9bfe02ed155d4fa

[2025-06-03 07:24:32] PHPMailer debug: CLIENT -> SERVER: 

[2025-06-03 07:24:32] PHPMailer debug: CLIENT -> SERVER: This link will expire in 1 hour.

[2025-06-03 07:24:32] PHPMailer debug: CLIENT -> SERVER: 

[2025-06-03 07:24:32] PHPMailer debug: CLIENT -> SERVER: If you did not request this reset, please ignore this email and ensure your account is secure.

[2025-06-03 07:24:32] PHPMailer debug: CLIENT -> SERVER: 

[2025-06-03 07:24:32] PHPMailer debug: CLIENT -> SERVER: Best regards,

[2025-06-03 07:24:32] PHPMailer debug: CLIENT -> SERVER: ScholarHub Team

[2025-06-03 07:24:32] PHPMailer debug: CLIENT -> SERVER: 

[2025-06-03 07:24:32] PHPMailer debug: CLIENT -> SERVER: --b1=_lxRwRLaVsc7EOHekyvdvmcRjjJGk3kCT98ycrDvfac

[2025-06-03 07:24:32] PHPMailer debug: CLIENT -> SERVER: Content-Type: text/html; charset=us-ascii

[2025-06-03 07:24:32] PHPMailer debug: CLIENT -> SERVER: 

[2025-06-03 07:24:32] PHPMailer debug: CLIENT -> SERVER: 

[2025-06-03 07:24:32] PHPMailer debug: CLIENT -> SERVER:             <html>

[2025-06-03 07:24:32] PHPMailer debug: CLIENT -> SERVER:             <body style='font-family: Arial, sans-serif; line-height: 1.6;'>

[2025-06-03 07:24:32] PHPMailer debug: CLIENT -> SERVER:                 <h2>Password Reset Request</h2>

[2025-06-03 07:24:32] PHPMailer debug: CLIENT -> SERVER:                 <p>Hello,</p>

[2025-06-03 07:24:32] PHPMailer debug: CLIENT -> SERVER:                 <p>A password reset was requested for your admin account at ScholarHub.</p>

[2025-06-03 07:24:32] PHPMailer debug: CLIENT -> SERVER:                 <p>Please click the following link to reset your password:</p>

[2025-06-03 07:24:32] PHPMailer debug: CLIENT -> SERVER:                 <p><a href='http://localhost/ScholarHub/admin/reset-password.php?token=1136dc324a1a17fd0f6ed10d5b8e771f8f2128910416e4f2d9bfe02ed155d4fa'>http://localhost/ScholarHub/admin/reset-password.php?token=1136dc324a1a17fd0f6ed10d5b8e771f8f2128910416e4f2d9bfe02ed155d4fa</a></p>

[2025-06-03 07:24:32] PHPMailer debug: CLIENT -> SERVER:                 <p><strong>This link will expire in 1 hour.</strong></p>

[2025-06-03 07:24:32] PHPMailer debug: CLIENT -> SERVER:                 <p>If you did not request this reset, please ignore this email and ensure your account is secure.</p>

[2025-06-03 07:24:32] PHPMailer debug: CLIENT -> SERVER:                 <br>

[2025-06-03 07:24:32] PHPMailer debug: CLIENT -> SERVER:                 <p>Best regards,<br>ScholarHub Team</p>

[2025-06-03 07:24:32] PHPMailer debug: CLIENT -> SERVER:             </body>

[2025-06-03 07:24:32] PHPMailer debug: CLIENT -> SERVER:             </html>

[2025-06-03 07:24:32] PHPMailer debug: CLIENT -> SERVER:         

[2025-06-03 07:24:32] PHPMailer debug: CLIENT -> SERVER: 

[2025-06-03 07:24:32] PHPMailer debug: CLIENT -> SERVER: 

[2025-06-03 07:24:32] PHPMailer debug: CLIENT -> SERVER: --b1=_lxRwRLaVsc7EOHekyvdvmcRjjJGk3kCT98ycrDvfac--

[2025-06-03 07:24:32] PHPMailer debug: CLIENT -> SERVER: 

[2025-06-03 07:24:32] PHPMailer debug: CLIENT -> SERVER: .

[2025-06-03 07:24:32] PHPMailer debug: SERVER -> CLIENT: 250 2.0.0 OK  1748915673 98e67ed59e1d1-3124e30cbe6sm6247196a91.39 - gsmtp

[2025-06-03 07:24:32] PHPMailer debug: CLIENT -> SERVER: QUIT

[2025-06-03 07:24:33] PHPMailer debug: SERVER -> CLIENT: 221 2.0.0 closing connection 98e67ed59e1d1-3124e30cbe6sm6247196a91.39 - gsmtp

[2025-06-03 07:24:33] PHPMailer debug: Connection: closed
[2025-06-03 07:24:33] Unexpected output before JSON:  
[2025-06-03 07:24:33] Sending JSON response: {"success":true,"message":"Password reset instructions have been sent to your email","redirect":"login.php","debug":["Connection: opening to smtp.gmail.com:587, timeout=300, options=array()","Connection: opened","SERVER -> CLIENT: 220 smtp.gmail.com ESMTP 98e67ed59e1d1-3124e30cbe6sm6247196a91.39 - gsmtp\r\n","CLIENT -> SERVER: EHLO localhost\r\n","SERVER -> CLIENT: 250-smtp.gmail.com at your service, [103.100.223.186]\r\n250-SIZE 35882577\r\n250-8BITMIME\r\n250-STARTTLS\r\n250-ENHANCEDSTATUSCODES\r\n250-PIPELINING\r\n250-CHUNKING\r\n250 SMTPUTF8\r\n","CLIENT -> SERVER: STARTTLS\r\n","SERVER -> CLIENT: 220 2.0.0 Ready to start TLS\r\n","CLIENT -> SERVER: EHLO localhost\r\n","SERVER -> CLIENT: 250-smtp.gmail.com at your service, [103.100.223.186]\r\n250-SIZE 35882577\r\n250-8BITMIME\r\n250-AUTH LOGIN PLAIN XOAUTH2 PLAIN-CLIENTTOKEN OAUTHBEARER XOAUTH\r\n250-ENHANCEDSTATUSCODES\r\n250-PIPELINING\r\n250-CHUNKING\r\n250 SMTPUTF8\r\n","CLIENT -> SERVER: AUTH LOGIN\r\n","SERVER -> CLIENT: 334 VXNlcm5hbWU6\r\n","CLIENT -> SERVER: [credentials hidden]","SERVER -> CLIENT: 334 UGFzc3dvcmQ6\r\n","CLIENT -> SERVER: [credentials hidden]","SERVER -> CLIENT: 235 2.7.0 Accepted\r\n","CLIENT -> SERVER: MAIL FROM:<scholarhub517@gmail.com>\r\n","SERVER -> CLIENT: 250 2.1.0 OK 98e67ed59e1d1-3124e30cbe6sm6247196a91.39 - gsmtp\r\n","CLIENT -> SERVER: RCPT TO:<scholarhub517@gmail.com>\r\n","SERVER -> CLIENT: 250 2.1.5 OK 98e67ed59e1d1-3124e30cbe6sm6247196a91.39 - gsmtp\r\n","CLIENT -> SERVER: DATA\r\n","SERVER -> CLIENT: 354 Go ahead 98e67ed59e1d1-3124e30cbe6sm6247196a91.39 - gsmtp\r\n","CLIENT -> SERVER: Date: Tue, 3 Jun 2025 07:24:28 +0530\r\n","CLIENT -> SERVER: To: scholarhub517@gmail.com\r\n","CLIENT -> SERVER: From: ScholarHub Admin <scholarhub517@gmail.com>\r\n","CLIENT -> SERVER: Subject: Admin Password Reset Request - ScholarHub\r\n","CLIENT -> SERVER: Message-ID: <lxRwRLaVsc7EOHekyvdvmcRjjJGk3kCT98ycrDvfac@localhost>\r\n","CLIENT -> SERVER: X-Mailer: PHPMailer 6.10.0 (https:\/\/github.com\/PHPMailer\/PHPMailer)\r\n","CLIENT -> SERVER: MIME-Version: 1.0\r\n","CLIENT -> SERVER: Content-Type: multipart\/alternative;\r\n","CLIENT -> SERVER:  boundary=\"b1=_lxRwRLaVsc7EOHekyvdvmcRjjJGk3kCT98ycrDvfac\"\r\n","CLIENT -> SERVER: Content-Transfer-Encoding: 8bit\r\n","CLIENT -> SERVER: \r\n","CLIENT -> SERVER: --b1=_lxRwRLaVsc7EOHekyvdvmcRjjJGk3kCT98ycrDvfac\r\n","CLIENT -> SERVER: Content-Type: text\/plain; charset=us-ascii\r\n","CLIENT -> SERVER: \r\n","CLIENT -> SERVER: Hello,\r\n","CLIENT -> SERVER: \r\n","CLIENT -> SERVER: A password reset was requested for your admin account at ScholarHub.\r\n","CLIENT -> SERVER: \r\n","CLIENT -> SERVER: Please click the following link to reset your password:\r\n","CLIENT -> SERVER: http:\/\/localhost\/ScholarHub\/admin\/reset-password.php?token=1136dc324a1a17fd0f6ed10d5b8e771f8f2128910416e4f2d9bfe02ed155d4fa\r\n","CLIENT -> SERVER: \r\n","CLIENT -> SERVER: This link will expire in 1 hour.\r\n","CLIENT -> SERVER: \r\n","CLIENT -> SERVER: If you did not request this reset, please ignore this email and ensure your account is secure.\r\n","CLIENT -> SERVER: \r\n","CLIENT -> SERVER: Best regards,\r\n","CLIENT -> SERVER: ScholarHub Team\r\n","CLIENT -> SERVER: \r\n","CLIENT -> SERVER: --b1=_lxRwRLaVsc7EOHekyvdvmcRjjJGk3kCT98ycrDvfac\r\n","CLIENT -> SERVER: Content-Type: text\/html; charset=us-ascii\r\n","CLIENT -> SERVER: \r\n","CLIENT -> SERVER: \r\n","CLIENT -> SERVER:             <html>\r\n","CLIENT -> SERVER:             <body style='font-family: Arial, sans-serif; line-height: 1.6;'>\r\n","CLIENT -> SERVER:                 <h2>Password Reset Request<\/h2>\r\n","CLIENT -> SERVER:                 <p>Hello,<\/p>\r\n","CLIENT -> SERVER:                 <p>A password reset was requested for your admin account at ScholarHub.<\/p>\r\n","CLIENT -> SERVER:                 <p>Please click the following link to reset your password:<\/p>\r\n","CLIENT -> SERVER:                 <p><a href='http:\/\/localhost\/ScholarHub\/admin\/reset-password.php?token=1136dc324a1a17fd0f6ed10d5b8e771f8f2128910416e4f2d9bfe02ed155d4fa'>http:\/\/localhost\/ScholarHub\/admin\/reset-password.php?token=1136dc324a1a17fd0f6ed10d5b8e771f8f2128910416e4f2d9bfe02ed155d4fa<\/a><\/p>\r\n","CLIENT -> SERVER:                 <p><strong>This link will expire in 1 hour.<\/strong><\/p>\r\n","CLIENT -> SERVER:                 <p>If you did not request this reset, please ignore this email and ensure your account is secure.<\/p>\r\n","CLIENT -> SERVER:                 <br>\r\n","CLIENT -> SERVER:                 <p>Best regards,<br>ScholarHub Team<\/p>\r\n","CLIENT -> SERVER:             <\/body>\r\n","CLIENT -> SERVER:             <\/html>\r\n","CLIENT -> SERVER:         \r\n","CLIENT -> SERVER: \r\n","CLIENT -> SERVER: \r\n","CLIENT -> SERVER: --b1=_lxRwRLaVsc7EOHekyvdvmcRjjJGk3kCT98ycrDvfac--\r\n","CLIENT -> SERVER: \r\n","CLIENT -> SERVER: .\r\n","SERVER -> CLIENT: 250 2.0.0 OK  1748915673 98e67ed59e1d1-3124e30cbe6sm6247196a91.39 - gsmtp\r\n","CLIENT -> SERVER: QUIT\r\n","SERVER -> CLIENT: 221 2.0.0 closing connection 98e67ed59e1d1-3124e30cbe6sm6247196a91.39 - gsmtp\r\n","Connection: closed"]}
[2025-06-03 07:29:45] Request received - POST data: Array
(
    [csrf_token] => 59e816405deecd52510511384fd720bad01bf2515523719cce10798f03710dec
    [username] => admin
    [email] => kiranmudur99@gmail.com
)

[2025-06-03 07:29:45] Admin not found - Username: admin, Email: kiranmudur99@gmail.com
[2025-06-03 07:29:45] Error in process_forgot_password.php: Invalid admin credentials
[2025-06-03 07:29:45] Unexpected output before JSON:  
[2025-06-03 07:29:45] Sending JSON response: {"success":false,"message":"Invalid admin credentials","redirect":"","debug":["Error: Invalid admin credentials"]}
[2025-06-03 09:25:12] Request received - POST data: Array
(
    [csrf_token] => b3d4a7a9706b93db96f25d67f2596c8a02b50128569ff373c56c9ddd20aeafda
    [username] => admin
    [email] => scholarhub517@gmail.com
)

[2025-06-03 09:25:12] Email config loaded: Array
(
    [smtp_host] => smtp.gmail.com
    [smtp_port] => 587
    [smtp_secure] => tls
    [smtp_auth] => 1
    [smtp_username] => scholarhub517@gmail.com
    [smtp_password] => bdcu dxok zsqp gtvf
    [from_email] => scholarhub517@gmail.com
    [from_name] => ScholarHub Admin
)

[2025-06-03 09:25:12] PHPMailer debug: Connection: opening to smtp.gmail.com:587, timeout=300, options=array()
[2025-06-03 09:25:12] PHPMailer debug: Connection: opened
[2025-06-03 09:25:13] PHPMailer debug: SERVER -> CLIENT: 220 smtp.gmail.com ESMTP d2e1a72fcca58-747cdb9a0b0sm5581221b3a.99 - gsmtp

[2025-06-03 09:25:13] PHPMailer debug: CLIENT -> SERVER: EHLO localhost

[2025-06-03 09:25:13] PHPMailer debug: SERVER -> CLIENT: 250-smtp.gmail.com at your service, [152.58.230.179]
250-SIZE 35882577
250-8BITMIME
250-STARTTLS
250-ENHANCEDSTATUSCODES
250-PIPELINING
250-CHUNKING
250 SMTPUTF8

[2025-06-03 09:25:13] PHPMailer debug: CLIENT -> SERVER: STARTTLS

[2025-06-03 09:25:13] PHPMailer debug: SERVER -> CLIENT: 220 2.0.0 Ready to start TLS

[2025-06-03 09:25:14] PHPMailer debug: CLIENT -> SERVER: EHLO localhost

[2025-06-03 09:25:14] PHPMailer debug: SERVER -> CLIENT: 250-smtp.gmail.com at your service, [152.58.230.179]
250-SIZE 35882577
250-8BITMIME
250-AUTH LOGIN PLAIN XOAUTH2 PLAIN-CLIENTTOKEN OAUTHBEARER XOAUTH
250-ENHANCEDSTATUSCODES
250-PIPELINING
250-CHUNKING
250 SMTPUTF8

[2025-06-03 09:25:14] PHPMailer debug: CLIENT -> SERVER: AUTH LOGIN

[2025-06-03 09:25:14] PHPMailer debug: SERVER -> CLIENT: 334 VXNlcm5hbWU6

[2025-06-03 09:25:14] PHPMailer debug: CLIENT -> SERVER: [credentials hidden]
[2025-06-03 09:25:14] PHPMailer debug: SERVER -> CLIENT: 334 UGFzc3dvcmQ6

[2025-06-03 09:25:14] PHPMailer debug: CLIENT -> SERVER: [credentials hidden]
[2025-06-03 09:25:15] PHPMailer debug: SERVER -> CLIENT: 235 2.7.0 Accepted

[2025-06-03 09:25:15] PHPMailer debug: CLIENT -> SERVER: MAIL FROM:<scholarhub517@gmail.com>

[2025-06-03 09:25:15] PHPMailer debug: SERVER -> CLIENT: 250 2.1.0 OK d2e1a72fcca58-747cdb9a0b0sm5581221b3a.99 - gsmtp

[2025-06-03 09:25:15] PHPMailer debug: CLIENT -> SERVER: RCPT TO:<scholarhub517@gmail.com>

[2025-06-03 09:25:15] PHPMailer debug: SERVER -> CLIENT: 250 2.1.5 OK d2e1a72fcca58-747cdb9a0b0sm5581221b3a.99 - gsmtp

[2025-06-03 09:25:15] PHPMailer debug: CLIENT -> SERVER: DATA

[2025-06-03 09:25:16] PHPMailer debug: SERVER -> CLIENT: 354 Go ahead d2e1a72fcca58-747cdb9a0b0sm5581221b3a.99 - gsmtp

[2025-06-03 09:25:16] PHPMailer debug: CLIENT -> SERVER: Date: Tue, 3 Jun 2025 09:25:12 +0530

[2025-06-03 09:25:16] PHPMailer debug: CLIENT -> SERVER: To: scholarhub517@gmail.com

[2025-06-03 09:25:16] PHPMailer debug: CLIENT -> SERVER: From: ScholarHub Admin <scholarhub517@gmail.com>

[2025-06-03 09:25:16] PHPMailer debug: CLIENT -> SERVER: Subject: Admin Password Reset Request - ScholarHub

[2025-06-03 09:25:16] PHPMailer debug: CLIENT -> SERVER: Message-ID: <ZVOYCBWDwhusHW8e6P8wK8FdTsujq763I1DFBlQ3A@localhost>

[2025-06-03 09:25:16] PHPMailer debug: CLIENT -> SERVER: X-Mailer: PHPMailer 6.10.0 (https://github.com/PHPMailer/PHPMailer)

[2025-06-03 09:25:16] PHPMailer debug: CLIENT -> SERVER: MIME-Version: 1.0

[2025-06-03 09:25:16] PHPMailer debug: CLIENT -> SERVER: Content-Type: multipart/alternative;

[2025-06-03 09:25:16] PHPMailer debug: CLIENT -> SERVER:  boundary="b1=_ZVOYCBWDwhusHW8e6P8wK8FdTsujq763I1DFBlQ3A"

[2025-06-03 09:25:16] PHPMailer debug: CLIENT -> SERVER: Content-Transfer-Encoding: 8bit

[2025-06-03 09:25:16] PHPMailer debug: CLIENT -> SERVER: 

[2025-06-03 09:25:16] PHPMailer debug: CLIENT -> SERVER: --b1=_ZVOYCBWDwhusHW8e6P8wK8FdTsujq763I1DFBlQ3A

[2025-06-03 09:25:16] PHPMailer debug: CLIENT -> SERVER: Content-Type: text/plain; charset=us-ascii

[2025-06-03 09:25:16] PHPMailer debug: CLIENT -> SERVER: 

[2025-06-03 09:25:16] PHPMailer debug: CLIENT -> SERVER: Hello,

[2025-06-03 09:25:16] PHPMailer debug: CLIENT -> SERVER: 

[2025-06-03 09:25:16] PHPMailer debug: CLIENT -> SERVER: A password reset was requested for your admin account at ScholarHub.

[2025-06-03 09:25:16] PHPMailer debug: CLIENT -> SERVER: 

[2025-06-03 09:25:16] PHPMailer debug: CLIENT -> SERVER: Please click the following link to reset your password:

[2025-06-03 09:25:16] PHPMailer debug: CLIENT -> SERVER: http://localhost/ScholarHub/admin/reset-password.php?token=76ce0c27aa8044c696c2aa438f1b5018a05548f7ca7ccc30cf33e47db8d13fbf

[2025-06-03 09:25:16] PHPMailer debug: CLIENT -> SERVER: 

[2025-06-03 09:25:16] PHPMailer debug: CLIENT -> SERVER: This link will expire in 1 hour.

[2025-06-03 09:25:16] PHPMailer debug: CLIENT -> SERVER: 

[2025-06-03 09:25:16] PHPMailer debug: CLIENT -> SERVER: If you did not request this reset, please ignore this email and ensure your account is secure.

[2025-06-03 09:25:16] PHPMailer debug: CLIENT -> SERVER: 

[2025-06-03 09:25:16] PHPMailer debug: CLIENT -> SERVER: Best regards,

[2025-06-03 09:25:16] PHPMailer debug: CLIENT -> SERVER: ScholarHub Team

[2025-06-03 09:25:16] PHPMailer debug: CLIENT -> SERVER: 

[2025-06-03 09:25:16] PHPMailer debug: CLIENT -> SERVER: --b1=_ZVOYCBWDwhusHW8e6P8wK8FdTsujq763I1DFBlQ3A

[2025-06-03 09:25:16] PHPMailer debug: CLIENT -> SERVER: Content-Type: text/html; charset=us-ascii

[2025-06-03 09:25:16] PHPMailer debug: CLIENT -> SERVER: 

[2025-06-03 09:25:16] PHPMailer debug: CLIENT -> SERVER: 

[2025-06-03 09:25:16] PHPMailer debug: CLIENT -> SERVER:             <html>

[2025-06-03 09:25:16] PHPMailer debug: CLIENT -> SERVER:             <body style='font-family: Arial, sans-serif; line-height: 1.6;'>

[2025-06-03 09:25:16] PHPMailer debug: CLIENT -> SERVER:                 <h2>Password Reset Request</h2>

[2025-06-03 09:25:16] PHPMailer debug: CLIENT -> SERVER:                 <p>Hello,</p>

[2025-06-03 09:25:16] PHPMailer debug: CLIENT -> SERVER:                 <p>A password reset was requested for your admin account at ScholarHub.</p>

[2025-06-03 09:25:16] PHPMailer debug: CLIENT -> SERVER:                 <p>Please click the following link to reset your password:</p>

[2025-06-03 09:25:16] PHPMailer debug: CLIENT -> SERVER:                 <p><a href='http://localhost/ScholarHub/admin/reset-password.php?token=76ce0c27aa8044c696c2aa438f1b5018a05548f7ca7ccc30cf33e47db8d13fbf'>http://localhost/ScholarHub/admin/reset-password.php?token=76ce0c27aa8044c696c2aa438f1b5018a05548f7ca7ccc30cf33e47db8d13fbf</a></p>

[2025-06-03 09:25:16] PHPMailer debug: CLIENT -> SERVER:                 <p><strong>This link will expire in 1 hour.</strong></p>

[2025-06-03 09:25:16] PHPMailer debug: CLIENT -> SERVER:                 <p>If you did not request this reset, please ignore this email and ensure your account is secure.</p>

[2025-06-03 09:25:16] PHPMailer debug: CLIENT -> SERVER:                 <br>

[2025-06-03 09:25:16] PHPMailer debug: CLIENT -> SERVER:                 <p>Best regards,<br>ScholarHub Team</p>

[2025-06-03 09:25:16] PHPMailer debug: CLIENT -> SERVER:             </body>

[2025-06-03 09:25:16] PHPMailer debug: CLIENT -> SERVER:             </html>

[2025-06-03 09:25:16] PHPMailer debug: CLIENT -> SERVER:         

[2025-06-03 09:25:16] PHPMailer debug: CLIENT -> SERVER: 

[2025-06-03 09:25:16] PHPMailer debug: CLIENT -> SERVER: 

[2025-06-03 09:25:16] PHPMailer debug: CLIENT -> SERVER: --b1=_ZVOYCBWDwhusHW8e6P8wK8FdTsujq763I1DFBlQ3A--

[2025-06-03 09:25:16] PHPMailer debug: CLIENT -> SERVER: 

[2025-06-03 09:25:16] PHPMailer debug: CLIENT -> SERVER: .

[2025-06-03 09:25:16] PHPMailer debug: SERVER -> CLIENT: 250 2.0.0 OK  1748922917 d2e1a72fcca58-747cdb9a0b0sm5581221b3a.99 - gsmtp

[2025-06-03 09:25:16] PHPMailer debug: CLIENT -> SERVER: QUIT

[2025-06-03 09:25:17] PHPMailer debug: SERVER -> CLIENT: 221 2.0.0 closing connection d2e1a72fcca58-747cdb9a0b0sm5581221b3a.99 - gsmtp

[2025-06-03 09:25:17] PHPMailer debug: Connection: closed
[2025-06-03 09:25:17] Unexpected output before JSON:  
[2025-06-03 09:25:17] Sending JSON response: {"success":true,"message":"Password reset instructions have been sent to your email","redirect":"login.php","debug":["Connection: opening to smtp.gmail.com:587, timeout=300, options=array()","Connection: opened","SERVER -> CLIENT: 220 smtp.gmail.com ESMTP d2e1a72fcca58-747cdb9a0b0sm5581221b3a.99 - gsmtp\r\n","CLIENT -> SERVER: EHLO localhost\r\n","SERVER -> CLIENT: 250-smtp.gmail.com at your service, [152.58.230.179]\r\n250-SIZE 35882577\r\n250-8BITMIME\r\n250-STARTTLS\r\n250-ENHANCEDSTATUSCODES\r\n250-PIPELINING\r\n250-CHUNKING\r\n250 SMTPUTF8\r\n","CLIENT -> SERVER: STARTTLS\r\n","SERVER -> CLIENT: 220 2.0.0 Ready to start TLS\r\n","CLIENT -> SERVER: EHLO localhost\r\n","SERVER -> CLIENT: 250-smtp.gmail.com at your service, [152.58.230.179]\r\n250-SIZE 35882577\r\n250-8BITMIME\r\n250-AUTH LOGIN PLAIN XOAUTH2 PLAIN-CLIENTTOKEN OAUTHBEARER XOAUTH\r\n250-ENHANCEDSTATUSCODES\r\n250-PIPELINING\r\n250-CHUNKING\r\n250 SMTPUTF8\r\n","CLIENT -> SERVER: AUTH LOGIN\r\n","SERVER -> CLIENT: 334 VXNlcm5hbWU6\r\n","CLIENT -> SERVER: [credentials hidden]","SERVER -> CLIENT: 334 UGFzc3dvcmQ6\r\n","CLIENT -> SERVER: [credentials hidden]","SERVER -> CLIENT: 235 2.7.0 Accepted\r\n","CLIENT -> SERVER: MAIL FROM:<scholarhub517@gmail.com>\r\n","SERVER -> CLIENT: 250 2.1.0 OK d2e1a72fcca58-747cdb9a0b0sm5581221b3a.99 - gsmtp\r\n","CLIENT -> SERVER: RCPT TO:<scholarhub517@gmail.com>\r\n","SERVER -> CLIENT: 250 2.1.5 OK d2e1a72fcca58-747cdb9a0b0sm5581221b3a.99 - gsmtp\r\n","CLIENT -> SERVER: DATA\r\n","SERVER -> CLIENT: 354 Go ahead d2e1a72fcca58-747cdb9a0b0sm5581221b3a.99 - gsmtp\r\n","CLIENT -> SERVER: Date: Tue, 3 Jun 2025 09:25:12 +0530\r\n","CLIENT -> SERVER: To: scholarhub517@gmail.com\r\n","CLIENT -> SERVER: From: ScholarHub Admin <scholarhub517@gmail.com>\r\n","CLIENT -> SERVER: Subject: Admin Password Reset Request - ScholarHub\r\n","CLIENT -> SERVER: Message-ID: <ZVOYCBWDwhusHW8e6P8wK8FdTsujq763I1DFBlQ3A@localhost>\r\n","CLIENT -> SERVER: X-Mailer: PHPMailer 6.10.0 (https:\/\/github.com\/PHPMailer\/PHPMailer)\r\n","CLIENT -> SERVER: MIME-Version: 1.0\r\n","CLIENT -> SERVER: Content-Type: multipart\/alternative;\r\n","CLIENT -> SERVER:  boundary=\"b1=_ZVOYCBWDwhusHW8e6P8wK8FdTsujq763I1DFBlQ3A\"\r\n","CLIENT -> SERVER: Content-Transfer-Encoding: 8bit\r\n","CLIENT -> SERVER: \r\n","CLIENT -> SERVER: --b1=_ZVOYCBWDwhusHW8e6P8wK8FdTsujq763I1DFBlQ3A\r\n","CLIENT -> SERVER: Content-Type: text\/plain; charset=us-ascii\r\n","CLIENT -> SERVER: \r\n","CLIENT -> SERVER: Hello,\r\n","CLIENT -> SERVER: \r\n","CLIENT -> SERVER: A password reset was requested for your admin account at ScholarHub.\r\n","CLIENT -> SERVER: \r\n","CLIENT -> SERVER: Please click the following link to reset your password:\r\n","CLIENT -> SERVER: http:\/\/localhost\/ScholarHub\/admin\/reset-password.php?token=76ce0c27aa8044c696c2aa438f1b5018a05548f7ca7ccc30cf33e47db8d13fbf\r\n","CLIENT -> SERVER: \r\n","CLIENT -> SERVER: This link will expire in 1 hour.\r\n","CLIENT -> SERVER: \r\n","CLIENT -> SERVER: If you did not request this reset, please ignore this email and ensure your account is secure.\r\n","CLIENT -> SERVER: \r\n","CLIENT -> SERVER: Best regards,\r\n","CLIENT -> SERVER: ScholarHub Team\r\n","CLIENT -> SERVER: \r\n","CLIENT -> SERVER: --b1=_ZVOYCBWDwhusHW8e6P8wK8FdTsujq763I1DFBlQ3A\r\n","CLIENT -> SERVER: Content-Type: text\/html; charset=us-ascii\r\n","CLIENT -> SERVER: \r\n","CLIENT -> SERVER: \r\n","CLIENT -> SERVER:             <html>\r\n","CLIENT -> SERVER:             <body style='font-family: Arial, sans-serif; line-height: 1.6;'>\r\n","CLIENT -> SERVER:                 <h2>Password Reset Request<\/h2>\r\n","CLIENT -> SERVER:                 <p>Hello,<\/p>\r\n","CLIENT -> SERVER:                 <p>A password reset was requested for your admin account at ScholarHub.<\/p>\r\n","CLIENT -> SERVER:                 <p>Please click the following link to reset your password:<\/p>\r\n","CLIENT -> SERVER:                 <p><a href='http:\/\/localhost\/ScholarHub\/admin\/reset-password.php?token=76ce0c27aa8044c696c2aa438f1b5018a05548f7ca7ccc30cf33e47db8d13fbf'>http:\/\/localhost\/ScholarHub\/admin\/reset-password.php?token=76ce0c27aa8044c696c2aa438f1b5018a05548f7ca7ccc30cf33e47db8d13fbf<\/a><\/p>\r\n","CLIENT -> SERVER:                 <p><strong>This link will expire in 1 hour.<\/strong><\/p>\r\n","CLIENT -> SERVER:                 <p>If you did not request this reset, please ignore this email and ensure your account is secure.<\/p>\r\n","CLIENT -> SERVER:                 <br>\r\n","CLIENT -> SERVER:                 <p>Best regards,<br>ScholarHub Team<\/p>\r\n","CLIENT -> SERVER:             <\/body>\r\n","CLIENT -> SERVER:             <\/html>\r\n","CLIENT -> SERVER:         \r\n","CLIENT -> SERVER: \r\n","CLIENT -> SERVER: \r\n","CLIENT -> SERVER: --b1=_ZVOYCBWDwhusHW8e6P8wK8FdTsujq763I1DFBlQ3A--\r\n","CLIENT -> SERVER: \r\n","CLIENT -> SERVER: .\r\n","SERVER -> CLIENT: 250 2.0.0 OK  1748922917 d2e1a72fcca58-747cdb9a0b0sm5581221b3a.99 - gsmtp\r\n","CLIENT -> SERVER: QUIT\r\n","SERVER -> CLIENT: 221 2.0.0 closing connection d2e1a72fcca58-747cdb9a0b0sm5581221b3a.99 - gsmtp\r\n","Connection: closed"]}
